#
# A fatal error has been detected by the Java Runtime Environment:
#
#  SIGSEGV (0xb) at pc=0x00007fffb25a9ec9, pid=19501, tid=0x0000000000007503
#
# JRE version: Java(TM) SE Runtime Environment (8.0_144-b01) (build 1.8.0_144-b01)
# Java VM: Java HotSpot(TM) 64-Bit Server VM (25.144-b01 mixed mode bsd-amd64 compressed oops)
# Problematic frame:
# C  [libsystem_platform.dylib+0x5ec9]  _platform_memmove$VARIANT$Haswell+0x29
#
# Failed to write core dump. Core dumps have been disabled. To enable core dumping, try "ulimit -c unlimited" before starting Java again
#
# If you would like to submit a bug report, please visit:
#   http://bugreport.java.com/bugreport/crash.jsp
# The crash happened outside the Java Virtual Machine in native code.
# See problematic frame for where to report the bug.
#

---------------  T H R E A D  ---------------

Current thread (0x00007fa8bf990800):  JavaThread "http-bio-8081-exec-1" daemon [_thread_in_native, id=29955, stack(0x000070000d7cd000,0x000070000d8cd000)]

siginfo: si_signo: 11 (SIGSEGV), si_code: 1 (SEGV_MAPERR), si_addr: 0x00000001194b9000

Registers:
RAX=0x00007fa8c0538a00, RBX=0x00000001194ac6cf, RCX=0x0000000000006f0a, RDX=0x0000000000007373
RSP=0x000070000d8c9410, RBP=0x000070000d8c9410, RSI=0x00000001194b9000, RDI=0x00007fa8c0538e69
R8 =0x0000000000007374, R9 =0x00007fa8c0538a00, R10=0x0000000000000000, R11=0x00007fa7a707fe69
R12=0x0000000065657254, R13=0x0000000000080000, R14=0x00007fa8c0538a00, R15=0x0000000000007373
RIP=0x00007fffb25a9ec9, EFLAGS=0x0000000000010202, ERR=0x0000000000000004
  TRAPNO=0x000000000000000e

Top of Stack: (sp=0x000070000d8c9410)
0x000070000d8c9410:   000070000d8c9480 000000010f749399
0x000070000d8c9420:   0000006cbf9909f8 0000000000000061
0x000070000d8c9430:   0000000000007373 00007fa8c03e3c00
0x000070000d8c9440:   000000000000632e 00007fa8bb6af3b0
0x000070000d8c9450:   00007fa8be2dd810 00007fa8bb6af3b0
0x000070000d8c9460:   00007fa8bb6a10e0 0000000000000090
0x000070000d8c9470:   000000003e9fc8db 00007fa8bb6323d0
0x000070000d8c9480:   000070000d8c94e0 000000010f74952d
0x000070000d8c9490:   000070000d8c951e 000070000d8c951d
0x000070000d8c94a0:   0000001e00000000 0000001f01990800
0x000070000d8c94b0:   000070000d8c94fe 000070000d8c9948
0x000070000d8c94c0:   000000000000001f 000070000d8c94fe
0x000070000d8c94d0:   00007fa8bb6af3b0 00007fa8bf9909f8
0x000070000d8c94e0:   000070000d8c9930 000000010f748238
0x000070000d8c94f0:   0000000000000000 6e63700000000001
0x000070000d8c9500:   2f6c6c616d33652f 702f6e6f6d6d6f63
0x000070000d8c9510:   2e67734d2f6f6a6f 0000007373616c63
0x000070000d8c9520:   0000000115e173d8 00007fa8bf990800
0x000070000d8c9530:   0000000115e173d8 0000000115e173d8
0x000070000d8c9540:   0000000115e173d8 00007fa8bb706f70
0x000070000d8c9550:   00007fa8bf990800 000070000d8c9640
0x000070000d8c9560:   00007fa8be507cd8 00007fa8be507cd0
0x000070000d8c9570:   000070000d8c9700 00000001103159a7
0x000070000d8c9580:   00007fa8bf990800 00000000953e2ee9
0x000070000d8c9590:   000070000d8c95d0 00007fffb251a91f
0x000070000d8c95a0:   0000000000000002 0000000000000007
0x000070000d8c95b0:   000000010f643000 0000000000000007
0x000070000d8c95c0:   000000010f646a00 000000010f647400
0x000070000d8c95d0:   000070000d8c96b0 00007fffb2519472
0x000070000d8c95e0:   000070000d8c97a8 000000001c5b2818
0x000070000d8c95f0:   000070000d8c9788 0000000000000000
0x000070000d8c9600:   00007fffb2454680 0000000000000000 

Instructions: (pc=0x00007fffb25a9ec9)
0x00007fffb25a9ea9:   f3 48 89 f8 49 39 d3 72 1b 48 83 fa 60 76 2f 48
0x00007fffb25a9eb9:   81 fa 00 40 00 00 0f 82 bb 00 00 00 48 89 d1 fc
0x00007fffb25a9ec9:   f3 a4 5d c3 48 39 fe 74 f9 48 01 d6 48 01 d7 48
0x00007fffb25a9ed9:   83 fa 60 0f 82 5c 01 00 00 e9 79 01 00 00 48 83 

Register to memory mapping:

RAX=0x00007fa8c0538a00 is an unknown value
RBX=0x00000001194ac6cf is an unknown value
RCX=0x0000000000006f0a is an unknown value
RDX=0x0000000000007373 is an unknown value
RSP=0x000070000d8c9410 is pointing into the stack for thread: 0x00007fa8bf990800
RBP=0x000070000d8c9410 is pointing into the stack for thread: 0x00007fa8bf990800
RSI=0x00000001194b9000 is an unknown value
RDI=0x00007fa8c0538e69 is an unknown value
R8 =0x0000000000007374 is an unknown value
R9 =0x00007fa8c0538a00 is an unknown value
R10=0x0000000000000000 is an unknown value
R11=0x00007fa7a707fe69 is an unknown value
R12=0x0000000065657254 is an unknown value
R13=0x0000000000080000 is an unknown value
R14=0x00007fa8c0538a00 is an unknown value
R15=0x0000000000007373 is an unknown value


Stack: [0x000070000d7cd000,0x000070000d8cd000],  sp=0x000070000d8c9410,  free space=1009k
Native frames: (J=compiled Java code, j=interpreted, Vv=VM code, C=native code)
C  [libsystem_platform.dylib+0x5ec9]  _platform_memmove$VARIANT$Haswell+0x29
C  [libzip.dylib+0x3399]  newEntry+0x65b
C  [libzip.dylib+0x352d]  ZIP_GetEntry2+0xd4
C  [libzip.dylib+0x2238]  Java_java_util_zip_ZipFile_getEntry+0xcf
J 123  java.util.zip.ZipFile.getEntry(J[BZ)J (0 bytes) @ 0x000000011cef324e [0x000000011cef3180+0xce]
J 5428 C2 java.util.jar.JarFile.getEntry(Ljava/lang/String;)Ljava/util/zip/ZipEntry; (22 bytes) @ 0x000000011dc3ef7c [0x000000011dc3ec00+0x37c]
J 3921 C2 sun.misc.URLClassPath$JarLoader.getResource(Ljava/lang/String;Z)Lsun/misc/Resource; (85 bytes) @ 0x000000011d022f14 [0x000000011d022ce0+0x234]
J 735 C2 sun.misc.URLClassPath.getResource(Ljava/lang/String;Z)Lsun/misc/Resource; (83 bytes) @ 0x000000011d0acb70 [0x000000011d0aca80+0xf0]
J 5888 C1 java.net.URLClassLoader$1.run()Ljava/lang/Class; (63 bytes) @ 0x000000011d9ca82c [0x000000011d9ca620+0x20c]
J 5821 C1 java.net.URLClassLoader$1.run()Ljava/lang/Object; (5 bytes) @ 0x000000011d176a7c [0x000000011d176a00+0x7c]
v  ~StubRoutines::call_stub
V  [libjvm.dylib+0x2ee70a]  JavaCalls::call_helper(JavaValue*, methodHandle*, JavaCallArguments*, Thread*)+0x6ae
V  [libjvm.dylib+0x34ee68]  JVM_DoPrivileged+0x4b8
J 167  java.security.AccessController.doPrivileged(Ljava/security/PrivilegedExceptionAction;Ljava/security/AccessControlContext;)Ljava/lang/Object; (0 bytes) @ 0x000000011cf0cdd5 [0x000000011cf0cd00+0xd5]
J 2971 C2 java.net.URLClassLoader.findClass(Ljava/lang/String;)Ljava/lang/Class; (47 bytes) @ 0x000000011d7306bc [0x000000011d730620+0x9c]
J 4739 C1 org.apache.catalina.loader.WebappClassLoader.findClass(Ljava/lang/String;)Ljava/lang/Class; (678 bytes) @ 0x000000011da919d4 [0x000000011da8e240+0x3794]
J 4725 C1 org.apache.catalina.loader.WebappClassLoader.loadClass(Ljava/lang/String;Z)Ljava/lang/Class; (617 bytes) @ 0x000000011d2b5e74 [0x000000011d2b2420+0x3a54]
J 4724 C1 org.apache.catalina.loader.WebappClassLoader.loadClass(Ljava/lang/String;)Ljava/lang/Class; (7 bytes) @ 0x000000011d334f14 [0x000000011d334e80+0x94]
v  ~StubRoutines::call_stub
V  [libjvm.dylib+0x2ee70a]  JavaCalls::call_helper(JavaValue*, methodHandle*, JavaCallArguments*, Thread*)+0x6ae
V  [libjvm.dylib+0x2eeeae]  JavaCalls::call_virtual(JavaValue*, KlassHandle, Symbol*, Symbol*, JavaCallArguments*, Thread*)+0x164
V  [libjvm.dylib+0x2ef006]  JavaCalls::call_virtual(JavaValue*, Handle, KlassHandle, Symbol*, Symbol*, Handle, Thread*)+0x56
V  [libjvm.dylib+0x53d236]  SystemDictionary::load_instance_class(Symbol*, Handle, Thread*)+0x2d8
V  [libjvm.dylib+0x53c9fe]  SystemDictionary::resolve_instance_class_or_null(Symbol*, Handle, Handle, Thread*)+0x484
V  [libjvm.dylib+0x53d452]  SystemDictionary::resolve_or_null(Symbol*, Handle, Handle, Thread*)+0x106
V  [libjvm.dylib+0x53db05]  SystemDictionary::resolve_or_fail(Symbol*, Handle, Handle, bool, Thread*)+0x31
V  [libjvm.dylib+0x4d1be0]  get_mirror_from_signature(methodHandle, SignatureStream*, Thread*)+0xbf
V  [libjvm.dylib+0x4d1e4b]  Reflection::get_parameter_types(methodHandle, int, oopDesc**, Thread*)+0x22f
V  [libjvm.dylib+0x4d231c]  Reflection::new_method(methodHandle, bool, bool, Thread*)+0xe8
V  [libjvm.dylib+0x34d073]  get_class_declared_methods_helper(JNIEnv_*, _jclass*, unsigned char, bool, Klass*, Thread*)+0x431
V  [libjvm.dylib+0x34d26b]  JVM_GetClassDeclaredMethods+0x5d
J 978  java.lang.Class.getDeclaredMethods0(Z)[Ljava/lang/reflect/Method; (0 bytes) @ 0x000000011d1540e8 [0x000000011d154040+0xa8]
J 804 C1 java.lang.Class.privateGetDeclaredMethods(Z)[Ljava/lang/reflect/Method; (67 bytes) @ 0x000000011d0cf6bc [0x000000011d0cf3a0+0x31c]
J 5239 C1 org.springframework.util.ReflectionUtils.getDeclaredMethods(Ljava/lang/Class;)[Ljava/lang/reflect/Method; (128 bytes) @ 0x000000011dbe766c [0x000000011dbe75a0+0xcc]
j  org.springframework.util.ReflectionUtils.doWithMethods(Ljava/lang/Class;Lorg/springframework/util/ReflectionUtils$MethodCallback;Lorg/springframework/util/ReflectionUtils$MethodFilter;)V+1
j  org.springframework.util.ReflectionUtils.doWithMethods(Ljava/lang/Class;Lorg/springframework/util/ReflectionUtils$MethodCallback;)V+3
j  org.springframework.beans.factory.annotation.AutowiredAnnotationBeanPostProcessor.determineCandidateConstructors(Ljava/lang/Class;Ljava/lang/String;)[Ljava/lang/reflect/Constructor;+23
j  org.springframework.beans.factory.support.AbstractAutowireCapableBeanFactory.determineConstructorsFromBeanPostProcessors(Ljava/lang/Class;Ljava/lang/String;)[Ljava/lang/reflect/Constructor;+60
j  org.springframework.beans.factory.support.AbstractAutowireCapableBeanFactory.createBeanInstance(Ljava/lang/String;Lorg/springframework/beans/factory/support/RootBeanDefinition;[Ljava/lang/Object;)Lorg/springframework/beans/BeanWrapper;+164
j  org.springframework.beans.factory.support.AbstractAutowireCapableBeanFactory.doCreateBean(Ljava/lang/String;Lorg/springframework/beans/factory/support/RootBeanDefinition;[Ljava/lang/Object;)Ljava/lang/Object;+34
j  org.springframework.beans.factory.support.AbstractAutowireCapableBeanFactory.createBean(Ljava/lang/String;Lorg/springframework/beans/factory/support/RootBeanDefinition;[Ljava/lang/Object;)Ljava/lang/Object;+169
j  org.springframework.beans.factory.support.AbstractBeanFactory$1.getObject()Ljava/lang/Object;+16
j  org.springframework.beans.factory.support.DefaultSingletonBeanRegistry.getSingleton(Ljava/lang/String;Lorg/springframework/beans/factory/ObjectFactory;)Ljava/lang/Object;+132
j  org.springframework.beans.factory.support.AbstractBeanFactory.doGetBean(Ljava/lang/String;Ljava/lang/Class;[Ljava/lang/Object;Z)Ljava/lang/Object;+375
j  org.springframework.beans.factory.support.AbstractBeanFactory.getBean(Ljava/lang/String;)Ljava/lang/Object;+5
j  org.springframework.beans.factory.support.DefaultListableBeanFactory.preInstantiateSingletons()V+231
j  org.springframework.context.support.AbstractApplicationContext.finishBeanFactoryInitialization(Lorg/springframework/beans/factory/config/ConfigurableListableBeanFactory;)V+103
j  org.springframework.context.support.AbstractApplicationContext.refresh()V+54
j  org.springframework.web.servlet.FrameworkServlet.configureAndRefreshWebApplicationContext(Lorg/springframework/web/context/ConfigurableWebApplicationContext;)V+180
j  org.springframework.web.servlet.FrameworkServlet.createWebApplicationContext(Lorg/springframework/context/ApplicationContext;)Lorg/springframework/web/context/WebApplicationContext;+172
j  org.springframework.web.servlet.FrameworkServlet.createWebApplicationContext(Lorg/springframework/web/context/WebApplicationContext;)Lorg/springframework/web/context/WebApplicationContext;+2
j  org.springframework.web.servlet.FrameworkServlet.initWebApplicationContext()Lorg/springframework/web/context/WebApplicationContext;+79
j  org.springframework.web.servlet.FrameworkServlet.initServletBean()V+90
j  org.springframework.web.servlet.HttpServletBean.init()V+158
j  javax.servlet.GenericServlet.init(Ljavax/servlet/ServletConfig;)V+6
j  org.apache.catalina.core.StandardWrapper.initServlet(Ljavax/servlet/Servlet;)V+89
j  org.apache.catalina.core.StandardWrapper.loadServlet()Ljavax/servlet/Servlet;+363
j  org.apache.catalina.core.StandardWrapper.allocate()Ljavax/servlet/Servlet;+84
j  org.apache.catalina.core.StandardWrapperValve.invoke(Lorg/apache/catalina/connector/Request;Lorg/apache/catalina/connector/Response;)V+223
j  org.apache.catalina.core.StandardContextValve.invoke(Lorg/apache/catalina/connector/Request;Lorg/apache/catalina/connector/Response;)V+166
j  org.apache.catalina.authenticator.AuthenticatorBase.invoke(Lorg/apache/catalina/connector/Request;Lorg/apache/catalina/connector/Response;)V+449
j  org.apache.catalina.core.StandardHostValve.invoke(Lorg/apache/catalina/connector/Request;Lorg/apache/catalina/connector/Response;)V+148
j  org.apache.catalina.valves.ErrorReportValve.invoke(Lorg/apache/catalina/connector/Request;Lorg/apache/catalina/connector/Response;)V+6
j  org.apache.catalina.valves.AccessLogValve.invoke(Lorg/apache/catalina/connector/Request;Lorg/apache/catalina/connector/Response;)V+6
j  org.apache.catalina.core.StandardEngineValve.invoke(Lorg/apache/catalina/connector/Request;Lorg/apache/catalina/connector/Response;)V+71
j  org.apache.catalina.connector.CoyoteAdapter.service(Lorg/apache/coyote/Request;Lorg/apache/coyote/Response;)V+196
j  org.apache.coyote.http11.AbstractHttp11Processor.process(Lorg/apache/tomcat/util/net/SocketWrapper;)Lorg/apache/tomcat/util/net/AbstractEndpoint$Handler$SocketState;+640
j  org.apache.coyote.AbstractProtocol$AbstractConnectionHandler.process(Lorg/apache/tomcat/util/net/SocketWrapper;Lorg/apache/tomcat/util/net/SocketStatus;)Lorg/apache/tomcat/util/net/AbstractEndpoint$Handler$SocketState;+206
j  org.apache.tomcat.util.net.JIoEndpoint$SocketProcessor.run()V+106
j  java.util.concurrent.ThreadPoolExecutor.runWorker(Ljava/util/concurrent/ThreadPoolExecutor$Worker;)V+95
j  java.util.concurrent.ThreadPoolExecutor$Worker.run()V+5
j  java.lang.Thread.run()V+11
v  ~StubRoutines::call_stub
V  [libjvm.dylib+0x2ee70a]  JavaCalls::call_helper(JavaValue*, methodHandle*, JavaCallArguments*, Thread*)+0x6ae
V  [libjvm.dylib+0x2eeeae]  JavaCalls::call_virtual(JavaValue*, KlassHandle, Symbol*, Symbol*, JavaCallArguments*, Thread*)+0x164
V  [libjvm.dylib+0x2ef05a]  JavaCalls::call_virtual(JavaValue*, Handle, KlassHandle, Symbol*, Symbol*, Thread*)+0x4a
V  [libjvm.dylib+0x3497b1]  thread_entry(JavaThread*, Thread*)+0x7c
V  [libjvm.dylib+0x56c0b3]  JavaThread::thread_main_inner()+0x9b
V  [libjvm.dylib+0x56d7a0]  JavaThread::run()+0x1c2
V  [libjvm.dylib+0x48baee]  java_start(Thread*)+0xf6
C  [libsystem_pthread.dylib+0x39af]  _pthread_body+0xb4
C  [libsystem_pthread.dylib+0x38fb]  _pthread_body+0x0
C  [libsystem_pthread.dylib+0x3101]  thread_start+0xd
C  0x0000000000000000

Java frames: (J=compiled Java code, j=interpreted, Vv=VM code)
J 123  java.util.zip.ZipFile.getEntry(J[BZ)J (0 bytes) @ 0x000000011cef31d8 [0x000000011cef3180+0x58]
J 5428 C2 java.util.jar.JarFile.getEntry(Ljava/lang/String;)Ljava/util/zip/ZipEntry; (22 bytes) @ 0x000000011dc3ef7c [0x000000011dc3ec00+0x37c]
J 3921 C2 sun.misc.URLClassPath$JarLoader.getResource(Ljava/lang/String;Z)Lsun/misc/Resource; (85 bytes) @ 0x000000011d022f14 [0x000000011d022ce0+0x234]
J 735 C2 sun.misc.URLClassPath.getResource(Ljava/lang/String;Z)Lsun/misc/Resource; (83 bytes) @ 0x000000011d0acb70 [0x000000011d0aca80+0xf0]
J 5888 C1 java.net.URLClassLoader$1.run()Ljava/lang/Class; (63 bytes) @ 0x000000011d9ca82c [0x000000011d9ca620+0x20c]
J 5821 C1 java.net.URLClassLoader$1.run()Ljava/lang/Object; (5 bytes) @ 0x000000011d176a7c [0x000000011d176a00+0x7c]
v  ~StubRoutines::call_stub
J 167  java.security.AccessController.doPrivileged(Ljava/security/PrivilegedExceptionAction;Ljava/security/AccessControlContext;)Ljava/lang/Object; (0 bytes) @ 0x000000011cf0cd63 [0x000000011cf0cd00+0x63]
J 2971 C2 java.net.URLClassLoader.findClass(Ljava/lang/String;)Ljava/lang/Class; (47 bytes) @ 0x000000011d7306bc [0x000000011d730620+0x9c]
J 4739 C1 org.apache.catalina.loader.WebappClassLoader.findClass(Ljava/lang/String;)Ljava/lang/Class; (678 bytes) @ 0x000000011da919d4 [0x000000011da8e240+0x3794]
J 4725 C1 org.apache.catalina.loader.WebappClassLoader.loadClass(Ljava/lang/String;Z)Ljava/lang/Class; (617 bytes) @ 0x000000011d2b5e74 [0x000000011d2b2420+0x3a54]
J 4724 C1 org.apache.catalina.loader.WebappClassLoader.loadClass(Ljava/lang/String;)Ljava/lang/Class; (7 bytes) @ 0x000000011d334f14 [0x000000011d334e80+0x94]
v  ~StubRoutines::call_stub
J 978  java.lang.Class.getDeclaredMethods0(Z)[Ljava/lang/reflect/Method; (0 bytes) @ 0x000000011d154078 [0x000000011d154040+0x38]
J 804 C1 java.lang.Class.privateGetDeclaredMethods(Z)[Ljava/lang/reflect/Method; (67 bytes) @ 0x000000011d0cf6bc [0x000000011d0cf3a0+0x31c]
J 5239 C1 org.springframework.util.ReflectionUtils.getDeclaredMethods(Ljava/lang/Class;)[Ljava/lang/reflect/Method; (128 bytes) @ 0x000000011dbe766c [0x000000011dbe75a0+0xcc]
j  org.springframework.util.ReflectionUtils.doWithMethods(Ljava/lang/Class;Lorg/springframework/util/ReflectionUtils$MethodCallback;Lorg/springframework/util/ReflectionUtils$MethodFilter;)V+1
j  org.springframework.util.ReflectionUtils.doWithMethods(Ljava/lang/Class;Lorg/springframework/util/ReflectionUtils$MethodCallback;)V+3
j  org.springframework.beans.factory.annotation.AutowiredAnnotationBeanPostProcessor.determineCandidateConstructors(Ljava/lang/Class;Ljava/lang/String;)[Ljava/lang/reflect/Constructor;+23
j  org.springframework.beans.factory.support.AbstractAutowireCapableBeanFactory.determineConstructorsFromBeanPostProcessors(Ljava/lang/Class;Ljava/lang/String;)[Ljava/lang/reflect/Constructor;+60
j  org.springframework.beans.factory.support.AbstractAutowireCapableBeanFactory.createBeanInstance(Ljava/lang/String;Lorg/springframework/beans/factory/support/RootBeanDefinition;[Ljava/lang/Object;)Lorg/springframework/beans/BeanWrapper;+164
j  org.springframework.beans.factory.support.AbstractAutowireCapableBeanFactory.doCreateBean(Ljava/lang/String;Lorg/springframework/beans/factory/support/RootBeanDefinition;[Ljava/lang/Object;)Ljava/lang/Object;+34
j  org.springframework.beans.factory.support.AbstractAutowireCapableBeanFactory.createBean(Ljava/lang/String;Lorg/springframework/beans/factory/support/RootBeanDefinition;[Ljava/lang/Object;)Ljava/lang/Object;+169
j  org.springframework.beans.factory.support.AbstractBeanFactory$1.getObject()Ljava/lang/Object;+16
j  org.springframework.beans.factory.support.DefaultSingletonBeanRegistry.getSingleton(Ljava/lang/String;Lorg/springframework/beans/factory/ObjectFactory;)Ljava/lang/Object;+132
j  org.springframework.beans.factory.support.AbstractBeanFactory.doGetBean(Ljava/lang/String;Ljava/lang/Class;[Ljava/lang/Object;Z)Ljava/lang/Object;+375
j  org.springframework.beans.factory.support.AbstractBeanFactory.getBean(Ljava/lang/String;)Ljava/lang/Object;+5
j  org.springframework.beans.factory.support.DefaultListableBeanFactory.preInstantiateSingletons()V+231
j  org.springframework.context.support.AbstractApplicationContext.finishBeanFactoryInitialization(Lorg/springframework/beans/factory/config/ConfigurableListableBeanFactory;)V+103
j  org.springframework.context.support.AbstractApplicationContext.refresh()V+54
j  org.springframework.web.servlet.FrameworkServlet.configureAndRefreshWebApplicationContext(Lorg/springframework/web/context/ConfigurableWebApplicationContext;)V+180
j  org.springframework.web.servlet.FrameworkServlet.createWebApplicationContext(Lorg/springframework/context/ApplicationContext;)Lorg/springframework/web/context/WebApplicationContext;+172
j  org.springframework.web.servlet.FrameworkServlet.createWebApplicationContext(Lorg/springframework/web/context/WebApplicationContext;)Lorg/springframework/web/context/WebApplicationContext;+2
j  org.springframework.web.servlet.FrameworkServlet.initWebApplicationContext()Lorg/springframework/web/context/WebApplicationContext;+79
j  org.springframework.web.servlet.FrameworkServlet.initServletBean()V+90
j  org.springframework.web.servlet.HttpServletBean.init()V+158
j  javax.servlet.GenericServlet.init(Ljavax/servlet/ServletConfig;)V+6
j  org.apache.catalina.core.StandardWrapper.initServlet(Ljavax/servlet/Servlet;)V+89
j  org.apache.catalina.core.StandardWrapper.loadServlet()Ljavax/servlet/Servlet;+363
j  org.apache.catalina.core.StandardWrapper.allocate()Ljavax/servlet/Servlet;+84
j  org.apache.catalina.core.StandardWrapperValve.invoke(Lorg/apache/catalina/connector/Request;Lorg/apache/catalina/connector/Response;)V+223
j  org.apache.catalina.core.StandardContextValve.invoke(Lorg/apache/catalina/connector/Request;Lorg/apache/catalina/connector/Response;)V+166
j  org.apache.catalina.authenticator.AuthenticatorBase.invoke(Lorg/apache/catalina/connector/Request;Lorg/apache/catalina/connector/Response;)V+449
j  org.apache.catalina.core.StandardHostValve.invoke(Lorg/apache/catalina/connector/Request;Lorg/apache/catalina/connector/Response;)V+148
j  org.apache.catalina.valves.ErrorReportValve.invoke(Lorg/apache/catalina/connector/Request;Lorg/apache/catalina/connector/Response;)V+6
j  org.apache.catalina.valves.AccessLogValve.invoke(Lorg/apache/catalina/connector/Request;Lorg/apache/catalina/connector/Response;)V+6
j  org.apache.catalina.core.StandardEngineValve.invoke(Lorg/apache/catalina/connector/Request;Lorg/apache/catalina/connector/Response;)V+71
j  org.apache.catalina.connector.CoyoteAdapter.service(Lorg/apache/coyote/Request;Lorg/apache/coyote/Response;)V+196
j  org.apache.coyote.http11.AbstractHttp11Processor.process(Lorg/apache/tomcat/util/net/SocketWrapper;)Lorg/apache/tomcat/util/net/AbstractEndpoint$Handler$SocketState;+640
j  org.apache.coyote.AbstractProtocol$AbstractConnectionHandler.process(Lorg/apache/tomcat/util/net/SocketWrapper;Lorg/apache/tomcat/util/net/SocketStatus;)Lorg/apache/tomcat/util/net/AbstractEndpoint$Handler$SocketState;+206
j  org.apache.tomcat.util.net.JIoEndpoint$SocketProcessor.run()V+106
j  java.util.concurrent.ThreadPoolExecutor.runWorker(Ljava/util/concurrent/ThreadPoolExecutor$Worker;)V+95
j  java.util.concurrent.ThreadPoolExecutor$Worker.run()V+5
j  java.lang.Thread.run()V+11
v  ~StubRoutines::call_stub

---------------  P R O C E S S  ---------------

Java Threads: ( => current thread )
=>0x00007fa8bf990800 JavaThread "http-bio-8081-exec-1" daemon [_thread_in_native, id=29955, stack(0x000070000d7cd000,0x000070000d8cd000)]
  0x00007fa8c114a000 JavaThread "dubbo-remoting-client-heartbeat-thread-2" daemon [_thread_blocked, id=29443, stack(0x000070000d6ca000,0x000070000d7ca000)]
  0x00007fa8bfac8800 JavaThread "DubboResponseTimeoutScanTimer" daemon [_thread_blocked, id=27911, stack(0x000070000d3c1000,0x000070000d4c1000)]
  0x00007fa8c0f38000 JavaThread "DubboClientReconnectTimer-thread-2" daemon [_thread_blocked, id=28931, stack(0x000070000d5c7000,0x000070000d6c7000)]
  0x00007fa8c0fed000 JavaThread "dubbo-remoting-client-heartbeat-thread-1" daemon [_thread_blocked, id=28419, stack(0x000070000d4c4000,0x000070000d5c4000)]
  0x00007fa8bf7f2800 JavaThread "Hashed wheel timer #1" [_thread_blocked, id=27395, stack(0x000070000d2be000,0x000070000d3be000)]
  0x00007fa8c2d09800 JavaThread "DubboClientReconnectTimer-thread-1" daemon [_thread_blocked, id=26883, stack(0x000070000d1bb000,0x000070000d2bb000)]
  0x00007fa8c2d33000 JavaThread "New I/O boss #6" daemon [_thread_in_native, id=26371, stack(0x000070000d0b8000,0x000070000d1b8000)]
  0x00007fa8c26a5000 JavaThread "New I/O worker #5" daemon [_thread_in_native, id=25859, stack(0x000070000cfb5000,0x000070000d0b5000)]
  0x00007fa8c0dee800 JavaThread "New I/O worker #4" daemon [_thread_in_native, id=25347, stack(0x000070000ceb2000,0x000070000cfb2000)]
  0x00007fa8bfa00800 JavaThread "New I/O worker #3" daemon [_thread_in_native, id=24835, stack(0x000070000cdaf000,0x000070000ceaf000)]
  0x00007fa8bffe0800 JavaThread "New I/O worker #2" daemon [_thread_in_native, id=4107, stack(0x000070000c391000,0x000070000c491000)]
  0x00007fa8bc2e8000 JavaThread "New I/O worker #1" daemon [_thread_in_native, id=4363, stack(0x000070000b2db000,0x000070000b3db000)]
  0x00007fa8c07f6800 JavaThread "http-bio-8081-AsyncTimeout" daemon [_thread_blocked, id=24323, stack(0x000070000ccac000,0x000070000cdac000)]
  0x00007fa8c1f9a000 JavaThread "http-bio-8081-Acceptor-0" daemon [_thread_in_native, id=23811, stack(0x000070000cba9000,0x000070000cca9000)]
  0x00007fa8bfd40800 JavaThread "ContainerBackgroundProcessor[StandardEngine[Tomcat]]" daemon [_thread_blocked, id=23299, stack(0x000070000caa6000,0x000070000cba6000)]
  0x00007fa8bc18a800 JavaThread "DubboSaveRegistryCache-thread-1" daemon [_thread_blocked, id=22787, stack(0x000070000c9a3000,0x000070000caa3000)]
  0x00007fa8c0101800 JavaThread "localhost-startStop-1-EventThread" daemon [_thread_blocked, id=22275, stack(0x000070000c8a0000,0x000070000c9a0000)]
  0x00007fa8c0fa0800 JavaThread "localhost-startStop-1-SendThread(127.0.0.1:2181)" daemon [_thread_in_native, id=21763, stack(0x000070000c79d000,0x000070000c89d000)]
  0x00007fa8c1b90000 JavaThread "ZkClient-EventThread-17-127.0.0.1:2181" daemon [_thread_blocked, id=21251, stack(0x000070000c69a000,0x000070000c79a000)]
  0x00007fa8bc67b800 JavaThread "DubboRegistryFailedRetryTimer-thread-1" daemon [_thread_blocked, id=20739, stack(0x000070000c597000,0x000070000c697000)]
  0x00007fa8bc4d3800 JavaThread "Thread-2" daemon [_thread_in_native, id=20227, stack(0x000070000c494000,0x000070000c594000)]
  0x00007fa8bd034800 JavaThread "Service Thread" daemon [_thread_blocked, id=19203, stack(0x000070000c18b000,0x000070000c28b000)]
  0x00007fa8bb81a000 JavaThread "C1 CompilerThread2" daemon [_thread_blocked, id=18691, stack(0x000070000c088000,0x000070000c188000)]
  0x00007fa8bc009000 JavaThread "C2 CompilerThread1" daemon [_thread_blocked, id=18179, stack(0x000070000bf85000,0x000070000c085000)]
  0x00007fa8bb819000 JavaThread "C2 CompilerThread0" daemon [_thread_blocked, id=17667, stack(0x000070000be82000,0x000070000bf82000)]
  0x00007fa8bd048000 JavaThread "Monitor Ctrl-Break" daemon [_thread_in_native, id=17155, stack(0x000070000bd7f000,0x000070000be7f000)]
  0x00007fa8bc00a000 JavaThread "Signal Dispatcher" daemon [_thread_blocked, id=16643, stack(0x000070000bc7c000,0x000070000bd7c000)]
  0x00007fa8bc83f000 JavaThread "Finalizer" daemon [_thread_blocked, id=12291, stack(0x000070000baf6000,0x000070000bbf6000)]
  0x00007fa8bb803800 JavaThread "Reference Handler" daemon [_thread_blocked, id=11779, stack(0x000070000b9f3000,0x000070000baf3000)]
  0x00007fa8bc803000 JavaThread "main" [_thread_blocked, id=6915, stack(0x000070000b3e1000,0x000070000b4e1000)]

Other Threads:
  0x00007fa8bc836800 VMThread [stack: 0x000070000b8f0000,0x000070000b9f0000] [id=11267]
  0x00007fa8bd036000 WatcherThread [stack: 0x000070000c28e000,0x000070000c38e000] [id=19715]

VM state:not at safepoint (normal execution)

VM Mutex/Monitor currently owned by a thread: None

Heap:
 PSYoungGen      total 259072K, used 81572K [0x0000000795580000, 0x00000007ac100000, 0x00000007c0000000)
  eden space 225792K, 25% used [0x0000000795580000,0x0000000798d3c4c8,0x00000007a3200000)
  from space 33280K, 73% used [0x00000007a3200000,0x00000007a49ecbc0,0x00000007a5280000)
  to   space 34816K, 0% used [0x00000007a9f00000,0x00000007a9f00000,0x00000007ac100000)
 ParOldGen       total 119808K, used 54309K [0x0000000740000000, 0x0000000747500000, 0x0000000795580000)
  object space 119808K, 45% used [0x0000000740000000,0x0000000743509718,0x0000000747500000)
 Metaspace       used 43781K, capacity 44444K, committed 44928K, reserved 1089536K
  class space    used 5255K, capacity 5470K, committed 5504K, reserved 1048576K

Card table byte_map: [0x0000000111367000,0x0000000111768000] byte_map_base: 0x000000010d967000

Marking Bits: (ParMarkBitMap*) 0x00000001108f35d0
 Begin Bits: [0x0000000111a13000, 0x0000000113a13000)
 End Bits:   [0x0000000113a13000, 0x0000000115a13000)

Polling page: 0x000000010f6e7000

CodeCache: size=245760Kb used=15426Kb max_used=15448Kb free=230333Kb
 bounds [0x000000011cda6000, 0x000000011dcd6000, 0x000000012bda6000]
 total_blobs=5637 nmethods=5145 adapters=405
 compilation: enabled

Compilation events (10 events):
Event: 2688.931 Thread 0x00007fa8bb81a000 6150       3       javassist.compiler.ast.Stmnt::<init> (11 bytes)
Event: 2688.931 Thread 0x00007fa8bb81a000 nmethod 6150 0x000000011dcb6cd0 code [0x000000011dcb6e40, 0x000000011dcb70f0]
Event: 2688.932 Thread 0x00007fa8bb81a000 6152       3       javassist.bytecode.Descriptor::dataSize (165 bytes)
Event: 2688.933 Thread 0x00007fa8bb81a000 nmethod 6152 0x000000011dcbe990 code [0x000000011dcbebe0, 0x000000011dcbfb78]
Event: 2688.933 Thread 0x00007fa8bb81a000 6153       3       javassist.compiler.MemberResolver::javaToJvmName (9 bytes)
Event: 2688.933 Thread 0x00007fa8bb81a000 nmethod 6153 0x000000011dcc0250 code [0x000000011dcc03c0, 0x000000011dcc05c8]
Event: 2688.933 Thread 0x00007fa8bb81a000 6151       3       javassist.bytecode.Descriptor::dataSize (6 bytes)
Event: 2688.933 Thread 0x00007fa8bb81a000 nmethod 6151 0x000000011dcc0690 code [0x000000011dcc0800, 0x000000011dcc0968]
Event: 2688.933 Thread 0x00007fa8bb81a000 6154       3       sun.reflect.ByteVectorImpl::put (27 bytes)
Event: 2688.933 Thread 0x00007fa8bb81a000 nmethod 6154 0x000000011dcc0a10 code [0x000000011dcc0b80, 0x000000011dcc0da8]

GC Heap History (10 events):
Event: 7.337 GC heap before
{Heap before GC invocations=11 (full 1):
 PSYoungGen      total 140288K, used 140261K [0x0000000795580000, 0x00000007a1e80000, 0x00000007c0000000)
  eden space 129024K, 100% used [0x0000000795580000,0x000000079d380000,0x000000079d380000)
  from space 11264K, 99% used [0x000000079d380000,0x000000079de79728,0x000000079de80000)
  to   space 18944K, 0% used [0x00000007a0c00000,0x00000007a0c00000,0x00000007a1e80000)
 ParOldGen       total 56320K, used 31565K [0x0000000740000000, 0x0000000743700000, 0x0000000795580000)
  object space 56320K, 56% used [0x0000000740000000,0x0000000741ed3640,0x0000000743700000)
 Metaspace       used 28527K, capacity 29050K, committed 29312K, reserved 1075200K
  class space    used 3408K, capacity 3589K, committed 3712K, reserved 1048576K
Event: 7.367 GC heap after
Heap after GC invocations=11 (full 1):
 PSYoungGen      total 179712K, used 18937K [0x0000000795580000, 0x00000007a3e80000, 0x00000007c0000000)
  eden space 160768K, 0% used [0x0000000795580000,0x0000000795580000,0x000000079f280000)
  from space 18944K, 99% used [0x00000007a0c00000,0x00000007a1e7e7e8,0x00000007a1e80000)
  to   space 26112K, 0% used [0x000000079f280000,0x000000079f280000,0x00000007a0c00000)
 ParOldGen       total 56320K, used 43619K [0x0000000740000000, 0x0000000743700000, 0x0000000795580000)
  object space 56320K, 77% used [0x0000000740000000,0x0000000742a98e20,0x0000000743700000)
 Metaspace       used 28527K, capacity 29050K, committed 29312K, reserved 1075200K
  class space    used 3408K, capacity 3589K, committed 3712K, reserved 1048576K
}
Event: 8.006 GC heap before
{Heap before GC invocations=12 (full 1):
 PSYoungGen      total 179712K, used 179705K [0x0000000795580000, 0x00000007a3e80000, 0x00000007c0000000)
  eden space 160768K, 100% used [0x0000000795580000,0x000000079f280000,0x000000079f280000)
  from space 18944K, 99% used [0x00000007a0c00000,0x00000007a1e7e7e8,0x00000007a1e80000)
  to   space 26112K, 0% used [0x000000079f280000,0x000000079f280000,0x00000007a0c00000)
 ParOldGen       total 56320K, used 43619K [0x0000000740000000, 0x0000000743700000, 0x0000000795580000)
  object space 56320K, 77% used [0x0000000740000000,0x0000000742a98e20,0x0000000743700000)
 Metaspace       used 28529K, capacity 29050K, committed 29312K, reserved 1075200K
  class space    used 3408K, capacity 3589K, committed 3712K, reserved 1048576K
Event: 8.056 GC heap after
Heap after GC invocations=12 (full 1):
 PSYoungGen      total 186880K, used 25289K [0x0000000795580000, 0x00000007a7580000, 0x00000007c0000000)
  eden space 160768K, 0% used [0x0000000795580000,0x0000000795580000,0x000000079f280000)
  from space 26112K, 96% used [0x000000079f280000,0x00000007a0b32718,0x00000007a0c00000)
  to   space 29696K, 0% used [0x00000007a5880000,0x00000007a5880000,0x00000007a7580000)
 ParOldGen       total 56320K, used 50003K [0x0000000740000000, 0x0000000743700000, 0x0000000795580000)
  object space 56320K, 88% used [0x0000000740000000,0x00000007430d4e88,0x0000000743700000)
 Metaspace       used 28529K, capacity 29050K, committed 29312K, reserved 1075200K
  class space    used 3408K, capacity 3589K, committed 3712K, reserved 1048576K
}
Event: 8.056 GC heap before
{Heap before GC invocations=13 (full 2):
 PSYoungGen      total 186880K, used 25289K [0x0000000795580000, 0x00000007a7580000, 0x00000007c0000000)
  eden space 160768K, 0% used [0x0000000795580000,0x0000000795580000,0x000000079f280000)
  from space 26112K, 96% used [0x000000079f280000,0x00000007a0b32718,0x00000007a0c00000)
  to   space 29696K, 0% used [0x00000007a5880000,0x00000007a5880000,0x00000007a7580000)
 ParOldGen       total 56320K, used 50003K [0x0000000740000000, 0x0000000743700000, 0x0000000795580000)
  object space 56320K, 88% used [0x0000000740000000,0x00000007430d4e88,0x0000000743700000)
 Metaspace       used 28529K, capacity 29050K, committed 29312K, reserved 1075200K
  class space    used 3408K, capacity 3589K, committed 3712K, reserved 1048576K
Event: 8.198 GC heap after
Heap after GC invocations=13 (full 2):
 PSYoungGen      total 186880K, used 0K [0x0000000795580000, 0x00000007a7580000, 0x00000007c0000000)
  eden space 160768K, 0% used [0x0000000795580000,0x0000000795580000,0x000000079f280000)
  from space 26112K, 0% used [0x000000079f280000,0x000000079f280000,0x00000007a0c00000)
  to   space 29696K, 0% used [0x00000007a5880000,0x00000007a5880000,0x00000007a7580000)
 ParOldGen       total 119808K, used 51222K [0x0000000740000000, 0x0000000747500000, 0x0000000795580000)
  object space 119808K, 42% used [0x0000000740000000,0x0000000743205920,0x0000000747500000)
 Metaspace       used 28529K, capacity 29050K, committed 29312K, reserved 1075200K
  class space    used 3408K, capacity 3589K, committed 3712K, reserved 1048576K
}
Event: 8.666 GC heap before
{Heap before GC invocations=14 (full 2):
 PSYoungGen      total 186880K, used 160768K [0x0000000795580000, 0x00000007a7580000, 0x00000007c0000000)
  eden space 160768K, 100% used [0x0000000795580000,0x000000079f280000,0x000000079f280000)
  from space 26112K, 0% used [0x000000079f280000,0x000000079f280000,0x00000007a0c00000)
  to   space 29696K, 0% used [0x00000007a5880000,0x00000007a5880000,0x00000007a7580000)
 ParOldGen       total 119808K, used 51222K [0x0000000740000000, 0x0000000747500000, 0x0000000795580000)
  object space 119808K, 42% used [0x0000000740000000,0x0000000743205920,0x0000000747500000)
 Metaspace       used 28531K, capacity 29050K, committed 29312K, reserved 1075200K
  class space    used 3408K, capacity 3589K, committed 3712K, reserved 1048576K
Event: 8.700 GC heap after
Heap after GC invocations=14 (full 2):
 PSYoungGen      total 250880K, used 26712K [0x0000000795580000, 0x00000007a7300000, 0x00000007c0000000)
  eden space 223744K, 0% used [0x0000000795580000,0x0000000795580000,0x00000007a3000000)
  from space 27136K, 98% used [0x00000007a5880000,0x00000007a7296198,0x00000007a7300000)
  to   space 33280K, 0% used [0x00000007a3200000,0x00000007a3200000,0x00000007a5280000)
 ParOldGen       total 119808K, used 51222K [0x0000000740000000, 0x0000000747500000, 0x0000000795580000)
  object space 119808K, 42% used [0x0000000740000000,0x0000000743205920,0x0000000747500000)
 Metaspace       used 28531K, capacity 29050K, committed 29312K, reserved 1075200K
  class space    used 3408K, capacity 3589K, committed 3712K, reserved 1048576K
}
Event: 2546.366 GC heap before
{Heap before GC invocations=15 (full 2):
 PSYoungGen      total 250880K, used 250456K [0x0000000795580000, 0x00000007a7300000, 0x00000007c0000000)
  eden space 223744K, 100% used [0x0000000795580000,0x00000007a3000000,0x00000007a3000000)
  from space 27136K, 98% used [0x00000007a5880000,0x00000007a7296198,0x00000007a7300000)
  to   space 33280K, 0% used [0x00000007a3200000,0x00000007a3200000,0x00000007a5280000)
 ParOldGen       total 119808K, used 51222K [0x0000000740000000, 0x0000000747500000, 0x0000000795580000)
  object space 119808K, 42% used [0x0000000740000000,0x0000000743205920,0x0000000747500000)
 Metaspace       used 40990K, capacity 41694K, committed 41984K, reserved 1085440K
  class space    used 4891K, capacity 5113K, committed 5120K, reserved 1048576K
Event: 2546.602 GC heap after
Heap after GC invocations=15 (full 2):
 PSYoungGen      total 259072K, used 24498K [0x0000000795580000, 0x00000007ac100000, 0x00000007c0000000)
  eden space 225792K, 0% used [0x0000000795580000,0x0000000795580000,0x00000007a3200000)
  from space 33280K, 73% used [0x00000007a3200000,0x00000007a49ecbc0,0x00000007a5280000)
  to   space 34816K, 0% used [0x00000007a9f00000,0x00000007a9f00000,0x00000007ac100000)
 ParOldGen       total 119808K, used 54309K [0x0000000740000000, 0x0000000747500000, 0x0000000795580000)
  object space 119808K, 45% used [0x0000000740000000,0x0000000743509718,0x0000000747500000)
 Metaspace       used 40990K, capacity 41694K, committed 41984K, reserved 1085440K
  class space    used 4891K, capacity 5113K, committed 5120K, reserved 1048576K
}

Deoptimization events (10 events):
Event: 12.068 Thread 0x00007fa8c0fa0800 Uncommon trap: reason=bimorphic action=maybe_recompile pc=0x000000011d2f7fc0 method=java.io.DataInputStream.readFully([BII)V @ 34
Event: 12.071 Thread 0x00007fa8c0fa0800 Uncommon trap: reason=bimorphic action=maybe_recompile pc=0x000000011dbf4718 method=java.io.DataInputStream.readFully([BII)V @ 34
Event: 12.133 Thread 0x00007fa8bf361800 Uncommon trap: reason=unstable_if action=reinterpret pc=0x000000011d7c346c method=java.util.LinkedHashMap.afterNodeRemoval(Ljava/util/HashMap$Node;)V @ 27
Event: 1442.927 Thread 0x00007fa8bfd40800 Uncommon trap: reason=predicate action=maybe_recompile pc=0x000000011d0ea864 method=java.util.AbstractCollection.toArray([Ljava/lang/Object;)[Ljava/lang/Object; @ 49
Event: 1663.093 Thread 0x00007fa8bfd40800 Uncommon trap: reason=array_check action=maybe_recompile pc=0x000000011cea8868 method=java.util.AbstractCollection.toArray([Ljava/lang/Object;)[Ljava/lang/Object; @ 119
Event: 1663.093 Thread 0x00007fa8bfd40800 Uncommon trap: reason=array_check action=maybe_recompile pc=0x000000011cea8868 method=java.util.AbstractCollection.toArray([Ljava/lang/Object;)[Ljava/lang/Object; @ 119
Event: 1663.093 Thread 0x00007fa8bfd40800 Uncommon trap: reason=array_check action=maybe_recompile pc=0x000000011cea8868 method=java.util.AbstractCollection.toArray([Ljava/lang/Object;)[Ljava/lang/Object; @ 119
Event: 1673.099 Thread 0x00007fa8bfd40800 Uncommon trap: reason=array_check action=maybe_recompile pc=0x000000011cea8868 method=java.util.AbstractCollection.toArray([Ljava/lang/Object;)[Ljava/lang/Object; @ 119
Event: 2546.743 Thread 0x00007fa8c2d33000 Uncommon trap: reason=class_check action=maybe_recompile pc=0x000000011d08be30 method=java.util.HashMap.removeNode(ILjava/lang/Object;Ljava/lang/Object;ZZ)Ljava/util/HashMap$Node; @ 68
Event: 2688.347 Thread 0x00007fa8bf990800 Uncommon trap: reason=unstable_if action=reinterpret pc=0x000000011dc19384 method=sun.misc.ASCIICaseInsensitiveComparator.compare(Ljava/lang/String;Ljava/lang/String;)I @ 83

Internal exceptions (10 events):
Event: 10.474 Thread 0x00007fa8bf361800 Exception <a 'java/lang/ClassNotFoundException': com/alibaba/dubbo/config/AbstractReferenceConfigCustomizer> (0x00000007a00fb2f8) thrown at [/Users/java_re/workspace/8-2-build-macosx-x86_64/jdk8u144/9417/hotspot/src/share/vm/classfile/systemDictionary.cpp
Event: 10.478 Thread 0x00007fa8bf361800 Exception <a 'java/lang/ClassNotFoundException': com/alibaba/dubbo/config/ReferenceConfigCustomizer> (0x00000007a0160b28) thrown at [/Users/java_re/workspace/8-2-build-macosx-x86_64/jdk8u144/9417/hotspot/src/share/vm/classfile/systemDictionary.cpp, line 2
Event: 10.482 Thread 0x00007fa8bf361800 Exception <a 'java/lang/ClassNotFoundException': com/alibaba/dubbo/config/spring/ReferenceBeanCustomizer> (0x00000007a01c2348) thrown at [/Users/java_re/workspace/8-2-build-macosx-x86_64/jdk8u144/9417/hotspot/src/share/vm/classfile/systemDictionary.cpp, l
Event: 10.497 Thread 0x00007fa8bf361800 Exception <a 'java/lang/ClassNotFoundException': com/alibaba/dubbo/config/ApplicationConfigBeanInfo> (0x00000007a029a200) thrown at [/Users/java_re/workspace/8-2-build-macosx-x86_64/jdk8u144/9417/hotspot/src/share/vm/classfile/systemDictionary.cpp, line 2
Event: 10.499 Thread 0x00007fa8bf361800 Exception <a 'java/lang/ClassNotFoundException': com/alibaba/dubbo/config/ApplicationConfigCustomizer> (0x00000007a02d1700) thrown at [/Users/java_re/workspace/8-2-build-macosx-x86_64/jdk8u144/9417/hotspot/src/share/vm/classfile/systemDictionary.cpp, line
Event: 10.504 Thread 0x00007fa8bf361800 Exception <a 'java/lang/ClassNotFoundException': com/alibaba/dubbo/config/RegistryConfigBeanInfo> (0x00000007a03429e8) thrown at [/Users/java_re/workspace/8-2-build-macosx-x86_64/jdk8u144/9417/hotspot/src/share/vm/classfile/systemDictionary.cpp, line 210]
Event: 10.505 Thread 0x00007fa8bf361800 Exception <a 'java/lang/ClassNotFoundException': com/alibaba/dubbo/config/RegistryConfigCustomizer> (0x00000007a0378938) thrown at [/Users/java_re/workspace/8-2-build-macosx-x86_64/jdk8u144/9417/hotspot/src/share/vm/classfile/systemDictionary.cpp, line 21
Event: 2546.699 Thread 0x00007fa8c1b90000 Exception <a 'java/lang/NoClassDefFoundError': org/apache/thrift/TException> (0x000000079619d038) thrown at [/Users/java_re/workspace/8-2-build-macosx-x86_64/jdk8u144/9417/hotspot/src/share/vm/classfile/systemDictionary.cpp, line 199]
Event: 2606.952 Thread 0x00007fa8bc2e8000 Exception <a 'java/lang/NullPointerException'> (0x00000007976b9af8) thrown at [/Users/java_re/workspace/8-2-build-macosx-x86_64/jdk8u144/9417/hotspot/src/share/vm/interpreter/linkResolver.cpp, line 1197]
Event: 2666.845 Thread 0x00007fa8bc2e8000 Exception <a 'java/lang/NullPointerException'> (0x00000007976baee0) thrown at [/Users/java_re/workspace/8-2-build-macosx-x86_64/jdk8u144/9417/hotspot/src/share/vm/interpreter/linkResolver.cpp, line 1197]

Events (10 events):
Event: 2688.926 Executing VM operation: RevokeBias
Event: 2688.926 Executing VM operation: RevokeBias done
Event: 2688.927 Executing VM operation: RevokeBias
Event: 2688.927 Executing VM operation: RevokeBias done
Event: 2688.933 loading class com/alibaba/dubbo/rpc/proxy/InvokerInvocationHandler
Event: 2688.933 loading class com/alibaba/dubbo/rpc/proxy/InvokerInvocationHandler done
Event: 2688.934 loading class com/alibaba/dubbo/rpc/service/GenericService
Event: 2688.934 loading class com/alibaba/dubbo/rpc/service/GenericService done
Event: 2688.935 loading class cn/e3mall/common/pojo/Msg
Event: 2688.935 loading class cn/e3mall/common/pojo/Msg done


Dynamic libraries:
0x0000000027839000 	/System/Library/Frameworks/Cocoa.framework/Versions/A/Cocoa
0x0000000027839000 	/System/Library/Frameworks/Security.framework/Versions/A/Security
0x0000000027839000 	/System/Library/Frameworks/ApplicationServices.framework/Versions/A/ApplicationServices
0x0000000027839000 	/usr/lib/libz.1.dylib
0x0000000027839000 	/usr/lib/libSystem.B.dylib
0x0000000027839000 	/usr/lib/libobjc.A.dylib
0x0000000027839000 	/System/Library/Frameworks/CoreFoundation.framework/Versions/A/CoreFoundation
0x0000000027839000 	/System/Library/Frameworks/Foundation.framework/Versions/C/Foundation
0x0000000027839000 	/System/Library/Frameworks/AppKit.framework/Versions/C/AppKit
0x0000000027839000 	/System/Library/Frameworks/CoreData.framework/Versions/A/CoreData
0x0000000027839000 	/System/Library/PrivateFrameworks/RemoteViewServices.framework/Versions/A/RemoteViewServices
0x0000000027839000 	/System/Library/PrivateFrameworks/UIFoundation.framework/Versions/A/UIFoundation
0x0000000027839000 	/System/Library/PrivateFrameworks/DFRFoundation.framework/Versions/A/DFRFoundation
0x0000000027839000 	/usr/lib/libenergytrace.dylib
0x0000000027839000 	/System/Library/PrivateFrameworks/SkyLight.framework/Versions/A/SkyLight
0x0000000027839000 	/System/Library/Frameworks/CoreGraphics.framework/Versions/A/CoreGraphics
0x0000000027839000 	/usr/lib/libScreenReader.dylib
0x0000000027839000 	/System/Library/Frameworks/Accelerate.framework/Versions/A/Accelerate
0x0000000027839000 	/System/Library/Frameworks/IOSurface.framework/Versions/A/IOSurface
0x0000000027839000 	/System/Library/Frameworks/AudioToolbox.framework/Versions/A/AudioToolbox
0x0000000027839000 	/System/Library/Frameworks/AudioUnit.framework/Versions/A/AudioUnit
0x0000000027839000 	/System/Library/PrivateFrameworks/DataDetectorsCore.framework/Versions/A/DataDetectorsCore
0x0000000027839000 	/System/Library/PrivateFrameworks/DesktopServicesPriv.framework/Versions/A/DesktopServicesPriv
0x0000000027839000 	/System/Library/Frameworks/Carbon.framework/Versions/A/Frameworks/HIToolbox.framework/Versions/A/HIToolbox
0x0000000027839000 	/usr/lib/libicucore.A.dylib
0x0000000027839000 	/System/Library/Frameworks/QuartzCore.framework/Versions/A/QuartzCore
0x0000000027839000 	/System/Library/Frameworks/Carbon.framework/Versions/A/Frameworks/SpeechRecognition.framework/Versions/A/SpeechRecognition
0x0000000027839000 	/usr/lib/libauto.dylib
0x0000000027839000 	/usr/lib/libxml2.2.dylib
0x0000000027839000 	/System/Library/PrivateFrameworks/CoreUI.framework/Versions/A/CoreUI
0x0000000027839000 	/System/Library/Frameworks/CoreAudio.framework/Versions/A/CoreAudio
0x0000000027839000 	/System/Library/Frameworks/DiskArbitration.framework/Versions/A/DiskArbitration
0x0000000027839000 	/usr/lib/liblangid.dylib
0x0000000027839000 	/System/Library/PrivateFrameworks/MultitouchSupport.framework/Versions/A/MultitouchSupport
0x0000000027839000 	/System/Library/Frameworks/IOKit.framework/Versions/A/IOKit
0x0000000027839000 	/usr/lib/libDiagnosticMessagesClient.dylib
0x0000000027839000 	/System/Library/Frameworks/CoreServices.framework/Versions/A/CoreServices
0x0000000027839000 	/System/Library/PrivateFrameworks/PerformanceAnalysis.framework/Versions/A/PerformanceAnalysis
0x0000000027839000 	/System/Library/PrivateFrameworks/GenerationalStorage.framework/Versions/A/GenerationalStorage
0x0000000027839000 	/System/Library/Frameworks/OpenGL.framework/Versions/A/OpenGL
0x0000000027839000 	/System/Library/Frameworks/CoreImage.framework/Versions/A/CoreImage
0x0000000027839000 	/System/Library/Frameworks/CoreText.framework/Versions/A/CoreText
0x0000000027839000 	/System/Library/Frameworks/ImageIO.framework/Versions/A/ImageIO
0x0000000027839000 	/System/Library/PrivateFrameworks/Backup.framework/Versions/A/Backup
0x0000000027839000 	/usr/lib/libarchive.2.dylib
0x0000000027839000 	/System/Library/Frameworks/CFNetwork.framework/Versions/A/CFNetwork
0x0000000027839000 	/System/Library/Frameworks/SystemConfiguration.framework/Versions/A/SystemConfiguration
0x0000000027839000 	/usr/lib/libCRFSuite.dylib
0x0000000027839000 	/usr/lib/libc++.1.dylib
0x0000000027839000 	/usr/lib/libc++abi.dylib
0x0000000027839000 	/usr/lib/system/libcache.dylib
0x0000000027839000 	/usr/lib/system/libcommonCrypto.dylib
0x0000000027839000 	/usr/lib/system/libcompiler_rt.dylib
0x0000000027839000 	/usr/lib/system/libcopyfile.dylib
0x0000000027839000 	/usr/lib/system/libcorecrypto.dylib
0x0000000027839000 	/usr/lib/system/libdispatch.dylib
0x0000000027839000 	/usr/lib/system/libdyld.dylib
0x0000000027839000 	/usr/lib/system/libkeymgr.dylib
0x0000000027839000 	/usr/lib/system/liblaunch.dylib
0x0000000027839000 	/usr/lib/system/libmacho.dylib
0x0000000027839000 	/usr/lib/system/libquarantine.dylib
0x0000000027839000 	/usr/lib/system/libremovefile.dylib
0x0000000027839000 	/usr/lib/system/libsystem_asl.dylib
0x0000000027839000 	/usr/lib/system/libsystem_blocks.dylib
0x0000000027839000 	/usr/lib/system/libsystem_c.dylib
0x0000000027839000 	/usr/lib/system/libsystem_configuration.dylib
0x0000000027839000 	/usr/lib/system/libsystem_coreservices.dylib
0x0000000027839000 	/usr/lib/system/libsystem_coretls.dylib
0x0000000027839000 	/usr/lib/system/libsystem_dnssd.dylib
0x0000000027839000 	/usr/lib/system/libsystem_info.dylib
0x0000000027839000 	/usr/lib/system/libsystem_kernel.dylib
0x0000000027839000 	/usr/lib/system/libsystem_m.dylib
0x0000000027839000 	/usr/lib/system/libsystem_malloc.dylib
0x0000000027839000 	/usr/lib/system/libsystem_network.dylib
0x0000000027839000 	/usr/lib/system/libsystem_networkextension.dylib
0x0000000027839000 	/usr/lib/system/libsystem_notify.dylib
0x0000000027839000 	/usr/lib/system/libsystem_platform.dylib
0x0000000027839000 	/usr/lib/system/libsystem_pthread.dylib
0x0000000027839000 	/usr/lib/system/libsystem_sandbox.dylib
0x0000000027839000 	/usr/lib/system/libsystem_secinit.dylib
0x0000000027839000 	/usr/lib/system/libsystem_symptoms.dylib
0x0000000027839000 	/usr/lib/system/libsystem_trace.dylib
0x0000000027839000 	/usr/lib/system/libunwind.dylib
0x0000000027839000 	/usr/lib/system/libxpc.dylib
0x0000000027839000 	/usr/lib/libbsm.0.dylib
0x0000000027839000 	/usr/lib/system/libkxld.dylib
0x0000000027839000 	/usr/lib/libcoretls.dylib
0x0000000027839000 	/usr/lib/libcoretls_cfhelpers.dylib
0x0000000027839000 	/usr/lib/libOpenScriptingUtil.dylib
0x0000000027839000 	/usr/lib/libpam.2.dylib
0x0000000027839000 	/usr/lib/libsqlite3.dylib
0x0000000027839000 	/usr/lib/libxar.1.dylib
0x0000000027839000 	/usr/lib/libbz2.1.0.dylib
0x0000000027839000 	/usr/lib/liblzma.5.dylib
0x0000000027839000 	/usr/lib/libnetwork.dylib
0x0000000027839000 	/usr/lib/libpcap.A.dylib
0x0000000027839000 	/System/Library/Frameworks/CoreServices.framework/Versions/A/Frameworks/FSEvents.framework/Versions/A/FSEvents
0x0000000027839000 	/System/Library/Frameworks/CoreServices.framework/Versions/A/Frameworks/CarbonCore.framework/Versions/A/CarbonCore
0x0000000027839000 	/System/Library/Frameworks/CoreServices.framework/Versions/A/Frameworks/Metadata.framework/Versions/A/Metadata
0x0000000027839000 	/System/Library/Frameworks/CoreServices.framework/Versions/A/Frameworks/OSServices.framework/Versions/A/OSServices
0x0000000027839000 	/System/Library/Frameworks/CoreServices.framework/Versions/A/Frameworks/SearchKit.framework/Versions/A/SearchKit
0x0000000027839000 	/System/Library/Frameworks/CoreServices.framework/Versions/A/Frameworks/AE.framework/Versions/A/AE
0x0000000027839000 	/System/Library/Frameworks/CoreServices.framework/Versions/A/Frameworks/LaunchServices.framework/Versions/A/LaunchServices
0x0000000027839000 	/System/Library/Frameworks/CoreServices.framework/Versions/A/Frameworks/DictionaryServices.framework/Versions/A/DictionaryServices
0x0000000027839000 	/System/Library/Frameworks/CoreServices.framework/Versions/A/Frameworks/SharedFileList.framework/Versions/A/SharedFileList
0x0000000027839000 	/System/Library/Frameworks/NetFS.framework/Versions/A/NetFS
0x0000000027839000 	/System/Library/PrivateFrameworks/NetAuth.framework/Versions/A/NetAuth
0x0000000027839000 	/System/Library/PrivateFrameworks/login.framework/Versions/A/Frameworks/loginsupport.framework/Versions/A/loginsupport
0x0000000027839000 	/System/Library/PrivateFrameworks/TCC.framework/Versions/A/TCC
0x0000000027839000 	/usr/lib/libmecabra.dylib
0x0000000027839000 	/System/Library/Frameworks/ApplicationServices.framework/Versions/A/Frameworks/ATS.framework/Versions/A/ATS
0x0000000027839000 	/System/Library/Frameworks/ApplicationServices.framework/Versions/A/Frameworks/ColorSync.framework/Versions/A/ColorSync
0x0000000027839000 	/System/Library/Frameworks/ApplicationServices.framework/Versions/A/Frameworks/HIServices.framework/Versions/A/HIServices
0x0000000027839000 	/System/Library/Frameworks/ApplicationServices.framework/Versions/A/Frameworks/LangAnalysis.framework/Versions/A/LangAnalysis
0x0000000027839000 	/System/Library/Frameworks/ApplicationServices.framework/Versions/A/Frameworks/PrintCore.framework/Versions/A/PrintCore
0x0000000027839000 	/System/Library/Frameworks/ApplicationServices.framework/Versions/A/Frameworks/QD.framework/Versions/A/QD
0x0000000027839000 	/System/Library/Frameworks/ApplicationServices.framework/Versions/A/Frameworks/SpeechSynthesis.framework/Versions/A/SpeechSynthesis
0x0000000027839000 	/System/Library/Frameworks/Accelerate.framework/Versions/A/Frameworks/vImage.framework/Versions/A/vImage
0x0000000027839000 	/System/Library/Frameworks/Accelerate.framework/Versions/A/Frameworks/vecLib.framework/Versions/A/vecLib
0x0000000027839000 	/System/Library/Frameworks/Accelerate.framework/Versions/A/Frameworks/vecLib.framework/Versions/A/libvDSP.dylib
0x0000000027839000 	/System/Library/Frameworks/Accelerate.framework/Versions/A/Frameworks/vecLib.framework/Versions/A/libBNNS.dylib
0x0000000027839000 	/System/Library/Frameworks/Accelerate.framework/Versions/A/Frameworks/vecLib.framework/Versions/A/libQuadrature.dylib
0x0000000027839000 	/System/Library/Frameworks/Accelerate.framework/Versions/A/Frameworks/vecLib.framework/Versions/A/libvMisc.dylib
0x0000000027839000 	/System/Library/Frameworks/Accelerate.framework/Versions/A/Frameworks/vecLib.framework/Versions/A/libLAPACK.dylib
0x0000000027839000 	/System/Library/Frameworks/Accelerate.framework/Versions/A/Frameworks/vecLib.framework/Versions/A/libBLAS.dylib
0x0000000027839000 	/System/Library/Frameworks/Accelerate.framework/Versions/A/Frameworks/vecLib.framework/Versions/A/libLinearAlgebra.dylib
0x0000000027839000 	/System/Library/Frameworks/Accelerate.framework/Versions/A/Frameworks/vecLib.framework/Versions/A/libSparseBLAS.dylib
0x0000000027839000 	/System/Library/Frameworks/ApplicationServices.framework/Versions/A/Frameworks/ATS.framework/Versions/A/Resources/libFontParser.dylib
0x0000000027839000 	/System/Library/Frameworks/ApplicationServices.framework/Versions/A/Frameworks/ATS.framework/Versions/A/Resources/libFontRegistry.dylib
0x0000000027839000 	/System/Library/Frameworks/ImageIO.framework/Versions/A/Resources/libJPEG.dylib
0x0000000027839000 	/System/Library/Frameworks/ImageIO.framework/Versions/A/Resources/libTIFF.dylib
0x0000000027839000 	/System/Library/Frameworks/ImageIO.framework/Versions/A/Resources/libPng.dylib
0x0000000027839000 	/System/Library/Frameworks/ImageIO.framework/Versions/A/Resources/libGIF.dylib
0x0000000027839000 	/System/Library/Frameworks/ImageIO.framework/Versions/A/Resources/libJP2.dylib
0x0000000027839000 	/System/Library/Frameworks/ImageIO.framework/Versions/A/Resources/libRadiance.dylib
0x0000000027839000 	/usr/lib/libcompression.dylib
0x0000000027839000 	/System/Library/PrivateFrameworks/AppleJPEG.framework/Versions/A/AppleJPEG
0x0000000027839000 	/usr/lib/libcups.2.dylib
0x0000000027839000 	/System/Library/Frameworks/Kerberos.framework/Versions/A/Kerberos
0x0000000027839000 	/System/Library/Frameworks/GSS.framework/Versions/A/GSS
0x0000000027839000 	/usr/lib/libresolv.9.dylib
0x0000000027839000 	/usr/lib/libiconv.2.dylib
0x0000000027839000 	/System/Library/PrivateFrameworks/Heimdal.framework/Versions/A/Heimdal
0x0000000027839000 	/usr/lib/libheimdal-asn1.dylib
0x0000000027839000 	/System/Library/Frameworks/OpenDirectory.framework/Versions/A/OpenDirectory
0x0000000027839000 	/System/Library/PrivateFrameworks/CommonAuth.framework/Versions/A/CommonAuth
0x0000000027839000 	/System/Library/Frameworks/OpenDirectory.framework/Versions/A/Frameworks/CFOpenDirectory.framework/Versions/A/CFOpenDirectory
0x0000000027839000 	/System/Library/Frameworks/SecurityFoundation.framework/Versions/A/SecurityFoundation
0x0000000027839000 	/System/Library/PrivateFrameworks/LanguageModeling.framework/Versions/A/LanguageModeling
0x0000000027839000 	/usr/lib/libmarisa.dylib
0x0000000027839000 	/usr/lib/libChineseTokenizer.dylib
0x0000000027839000 	/usr/lib/libcmph.dylib
0x0000000027839000 	/System/Library/PrivateFrameworks/CoreEmoji.framework/Versions/A/CoreEmoji
0x0000000027839000 	/System/Library/Frameworks/ServiceManagement.framework/Versions/A/ServiceManagement
0x0000000027839000 	/usr/lib/libxslt.1.dylib
0x0000000027839000 	/System/Library/Frameworks/Carbon.framework/Versions/A/Frameworks/Ink.framework/Versions/A/Ink
0x0000000027839000 	/System/Library/PrivateFrameworks/TextureIO.framework/Versions/A/TextureIO
0x0000000027839000 	/System/Library/Frameworks/Metal.framework/Versions/A/Metal
0x0000000027839000 	/usr/lib/libate.dylib
0x0000000027839000 	/System/Library/PrivateFrameworks/GPUCompiler.framework/libmetal_timestamp.dylib
0x0000000027839000 	/System/Library/Frameworks/OpenGL.framework/Versions/A/Libraries/libCoreFSCache.dylib
0x0000000027839000 	/System/Library/PrivateFrameworks/IOAccelerator.framework/Versions/A/IOAccelerator
0x0000000027839000 	/System/Library/Frameworks/CoreVideo.framework/Versions/A/CoreVideo
0x0000000027839000 	/usr/lib/libFosl_dynamic.dylib
0x0000000027839000 	/System/Library/PrivateFrameworks/MetalPerformanceShaders.framework/Versions/A/MetalPerformanceShaders
0x0000000027839000 	/System/Library/PrivateFrameworks/FaceCore.framework/Versions/A/FaceCore
0x0000000027839000 	/System/Library/Frameworks/OpenCL.framework/Versions/A/OpenCL
0x0000000027839000 	/System/Library/Frameworks/OpenGL.framework/Versions/A/Libraries/libGLU.dylib
0x0000000027839000 	/System/Library/Frameworks/OpenGL.framework/Versions/A/Libraries/libGFXShared.dylib
0x0000000027839000 	/System/Library/Frameworks/OpenGL.framework/Versions/A/Libraries/libGL.dylib
0x0000000027839000 	/System/Library/Frameworks/OpenGL.framework/Versions/A/Libraries/libGLImage.dylib
0x0000000027839000 	/System/Library/Frameworks/OpenGL.framework/Versions/A/Libraries/libCVMSPluginSupport.dylib
0x0000000027839000 	/System/Library/Frameworks/OpenGL.framework/Versions/A/Libraries/libCoreVMClient.dylib
0x0000000027839000 	/System/Library/PrivateFrameworks/CrashReporterSupport.framework/Versions/A/CrashReporterSupport
0x0000000027839000 	/System/Library/PrivateFrameworks/Sharing.framework/Versions/A/Sharing
0x0000000027839000 	/System/Library/PrivateFrameworks/IconServices.framework/Versions/A/IconServices
0x0000000027839000 	/System/Library/PrivateFrameworks/ProtocolBuffer.framework/Versions/A/ProtocolBuffer
0x0000000027839000 	/System/Library/PrivateFrameworks/Apple80211.framework/Versions/A/Apple80211
0x0000000027839000 	/System/Library/Frameworks/CoreWLAN.framework/Versions/A/CoreWLAN
0x0000000027839000 	/System/Library/PrivateFrameworks/CoreUtils.framework/Versions/A/CoreUtils
0x0000000027839000 	/System/Library/Frameworks/IOBluetooth.framework/Versions/A/IOBluetooth
0x0000000027839000 	/System/Library/PrivateFrameworks/CoreWiFi.framework/Versions/A/CoreWiFi
0x0000000027839000 	/System/Library/Frameworks/CoreBluetooth.framework/Versions/A/CoreBluetooth
0x0000000027839000 	/System/Library/Frameworks/CoreDisplay.framework/Versions/A/CoreDisplay
0x0000000027839000 	/System/Library/PrivateFrameworks/IOPresentment.framework/Versions/A/IOPresentment
0x0000000027839000 	/System/Library/PrivateFrameworks/DSExternalDisplay.framework/Versions/A/DSExternalDisplay
0x0000000027839000 	/System/Library/PrivateFrameworks/DebugSymbols.framework/Versions/A/DebugSymbols
0x0000000027839000 	/System/Library/PrivateFrameworks/CoreSymbolication.framework/Versions/A/CoreSymbolication
0x0000000027839000 	/System/Library/PrivateFrameworks/Symbolication.framework/Versions/A/Symbolication
0x0000000027839000 	/System/Library/PrivateFrameworks/AppleFSCompression.framework/Versions/A/AppleFSCompression
0x0000000027839000 	/System/Library/PrivateFrameworks/SpeechRecognitionCore.framework/Versions/A/SpeechRecognitionCore
0x0000000027839000 	/System/Library/PrivateFrameworks/ChunkingLibrary.framework/Versions/A/ChunkingLibrary
0x0000000110000000 	/Library/Java/JavaVirtualMachines/jdk1.8.0_144.jdk/Contents/Home/jre/lib/server/libjvm.dylib
0x0000000027839000 	/usr/lib/libstdc++.6.dylib
0x000000010f6a4000 	/Library/Java/JavaVirtualMachines/jdk1.8.0_144.jdk/Contents/Home/jre/lib/libverify.dylib
0x000000010f6b2000 	/Library/Java/JavaVirtualMachines/jdk1.8.0_144.jdk/Contents/Home/jre/lib/libjava.dylib
0x000000010f6e8000 	/Library/Java/JavaVirtualMachines/jdk1.8.0_144.jdk/Contents/Home/jre/lib/libinstrument.dylib
0x000000010f746000 	/Library/Java/JavaVirtualMachines/jdk1.8.0_144.jdk/Contents/Home/jre/lib/libzip.dylib
0x0000000117840000 	/System/Library/Frameworks/JavaVM.framework/Frameworks/JavaRuntimeSupport.framework/JavaRuntimeSupport
0x000000011785a000 	/System/Library/Frameworks/JavaVM.framework/Versions/A/Frameworks/JavaNativeFoundation.framework/Versions/A/JavaNativeFoundation
0x000000010f7f2000 	/System/Library/Frameworks/JavaVM.framework/Versions/A/JavaVM
0x0000000027839000 	/System/Library/Frameworks/Carbon.framework/Versions/A/Carbon
0x000000011786f000 	/System/Library/PrivateFrameworks/JavaLaunching.framework/Versions/A/JavaLaunching
0x0000000027839000 	/System/Library/Frameworks/Carbon.framework/Versions/A/Frameworks/CommonPanels.framework/Versions/A/CommonPanels
0x0000000027839000 	/System/Library/Frameworks/Carbon.framework/Versions/A/Frameworks/Help.framework/Versions/A/Help
0x0000000027839000 	/System/Library/Frameworks/Carbon.framework/Versions/A/Frameworks/ImageCapture.framework/Versions/A/ImageCapture
0x0000000027839000 	/System/Library/Frameworks/Carbon.framework/Versions/A/Frameworks/OpenScripting.framework/Versions/A/OpenScripting
0x0000000027839000 	/System/Library/Frameworks/Carbon.framework/Versions/A/Frameworks/Print.framework/Versions/A/Print
0x0000000027839000 	/System/Library/Frameworks/Carbon.framework/Versions/A/Frameworks/SecurityHI.framework/Versions/A/SecurityHI
0x0000000119182000 	/Library/Java/JavaVirtualMachines/jdk1.8.0_144.jdk/Contents/Home/jre/lib/libnet.dylib
0x0000000119589000 	/Library/Java/JavaVirtualMachines/jdk1.8.0_144.jdk/Contents/Home/jre/lib/libnio.dylib
0x00000001194f0000 	/Library/Java/JavaVirtualMachines/jdk1.8.0_144.jdk/Contents/Home/jre/lib/libmanagement.dylib

VM Arguments:
jvm_args: -Dmaven.multiModuleProjectDirectory=/Users/luxiao/respository/java_project/ssm_commerce/manager_web -Dmaven.home=/Applications/IntelliJ IDEA.app/Contents/plugins/maven/lib/maven3 -Dclassworlds.conf=/Applications/IntelliJ IDEA.app/Contents/plugins/maven/lib/maven3/bin/m2.conf -javaagent:/Applications/IntelliJ IDEA.app/Contents/lib/idea_rt.jar=58223:/Applications/IntelliJ IDEA.app/Contents/bin -Dfile.encoding=UTF-8 
java_command: org.codehaus.classworlds.Launcher -Didea.version=2017.1.1 -s /Users/luxiao/respository/maven/settings.xml -Dmaven.repo.local=/Users/luxiao/respository/maven/repository clean tomcat7:run
java_class_path (initial): /Applications/IntelliJ IDEA.app/Contents/plugins/maven/lib/maven3/boot/plexus-classworlds-2.5.2.jar:/Applications/IntelliJ IDEA.app/Contents/lib/idea_rt.jar
Launcher Type: SUN_STANDARD

Environment Variables:
PATH=/Library/Java/JavaVirtualMachines/jdk1.8.0_144.jdk/Contents/Home/bin:/Users/luxiao/work/apache-maven-3.5.2/bin:/Library/Java/JavaVirtualMachines/jdk1.8.0_144.jdk/Contents/Home/bin:/usr/local/bin:/usr/bin:/bin:/usr/sbin:/sbin:/Users/luxiao/work/android_tools/sdk/platform-tools:/Users/luxiao/work/android_tools/sdk/tools:/usr/local/mysql/bin
SHELL=/bin/bash

Signal Handlers:
SIGSEGV: [libjvm.dylib+0x5b26e5], sa_mask[0]=11111111011111110111111111111111, sa_flags=SA_ONSTACK|SA_RESTART|SA_SIGINFO
SIGBUS: [libjvm.dylib+0x5b26e5], sa_mask[0]=11111111011111110111111111111111, sa_flags=SA_RESTART|SA_SIGINFO
SIGFPE: [libjvm.dylib+0x489100], sa_mask[0]=11111111011111110111111111111111, sa_flags=SA_RESTART|SA_SIGINFO
SIGPIPE: [libjvm.dylib+0x489100], sa_mask[0]=11111111011111110111111111111111, sa_flags=SA_RESTART|SA_SIGINFO
SIGXFSZ: [libjvm.dylib+0x489100], sa_mask[0]=11111111011111110111111111111111, sa_flags=SA_RESTART|SA_SIGINFO
SIGILL: [libjvm.dylib+0x489100], sa_mask[0]=11111111011111110111111111111111, sa_flags=SA_RESTART|SA_SIGINFO
SIGUSR1: SIG_DFL, sa_mask[0]=00000000000000000000000000000000, sa_flags=none
SIGUSR2: [libjvm.dylib+0x488c1e], sa_mask[0]=00100000000000000000000000000000, sa_flags=SA_RESTART|SA_SIGINFO
SIGHUP: [libjvm.dylib+0x4871f5], sa_mask[0]=11111111011111110111111111111111, sa_flags=SA_RESTART|SA_SIGINFO
SIGINT: [libjvm.dylib+0x4871f5], sa_mask[0]=11111111011111110111111111111111, sa_flags=SA_RESTART|SA_SIGINFO
SIGTERM: [libjvm.dylib+0x4871f5], sa_mask[0]=11111111011111110111111111111111, sa_flags=SA_RESTART|SA_SIGINFO
SIGQUIT: [libjvm.dylib+0x4871f5], sa_mask[0]=11111111011111110111111111111111, sa_flags=SA_RESTART|SA_SIGINFO


---------------  S Y S T E M  ---------------

OS:Bsduname:Darwin 16.5.0 Darwin Kernel Version 16.5.0: Fri Mar  3 16:52:33 PST 2017; root:xnu-3789.51.2~3/RELEASE_X86_64 x86_64
rlimit: STACK 8192k, CORE 0k, NPROC 709, NOFILE 10240, AS infinity
load average:5.28 5.25 4.88

CPU:total 4 (initial active 4) (2 cores per cpu, 2 threads per core) family 6 model 61 stepping 4, cmov, cx8, fxsr, mmx, sse, sse2, sse3, ssse3, sse4.1, sse4.2, popcnt, avx, avx2, aes, clmul, erms, 3dnowpref, lzcnt, ht, tsc, tscinvbit, bmi1, bmi2, adx

Memory: 4k page, physical 8388608k(17188k free)

/proc/meminfo:


vm_info: Java HotSpot(TM) 64-Bit Server VM (25.144-b01) for bsd-amd64 JRE (1.8.0_144-b01), built on Jul 21 2017 22:07:42 by "java_re" with gcc 4.2.1 (Based on Apple Inc. build 5658) (LLVM build 2336.11.00)

time: Mon Dec 18 11:36:27 2017
elapsed time: 2688 seconds (0d 0h 44m 48s)

